2019-03-28 11:05:23 pid:1 exception 'yii\base\ErrorException' with message 'Undefined property: PHPSocketIO\SocketIO::$username' in D:\DefaultWorkspace\training_online\console\controllers\SocketController.php:27
Stack trace:
#0 D:\DefaultWorkspace\training_online\console\controllers\SocketController.php(27): yii\base\ErrorHandler->handleError(8, 'Undefined prope...', 'D:\\DefaultWorks...', 27, Array)
#1 [internal function]: console\controllers\SocketController->console\controllers\{closure}(Object(Workerman\Connection\TcpConnection), Array)
#2 D:\DefaultWorkspace\training_online\vendor\workerman\workerman\Connection\TcpConnection.php(658): call_user_func(Object(Closure), Object(Workerman\Connection\TcpConnection), Array)
#3 [internal function]: Workerman\Connection\TcpConnection->baseRead(Resource id #104)
#4 D:\DefaultWorkspace\training_online\vendor\workerman\workerman\Events\Select.php(294): call_user_func_array(Array, Array)
#5 D:\DefaultWorkspace\training_online\vendor\workerman\workerman\Worker.php(2321): Workerman\Events\Select->loop()
#6 D:\DefaultWorkspace\training_online\vendor\workerman\workerman\Worker.php(1315): Workerman\Worker->run()
#7 D:\DefaultWorkspace\training_online\vendor\workerman\workerman\Worker.php(1258): Workerman\Worker::forkWorkersForWindows()
#8 D:\DefaultWorkspace\training_online\vendor\workerman\workerman\Worker.php(507): Workerman\Worker::forkWorkers()
#9 D:\DefaultWorkspace\training_online\console\controllers\SocketController.php(96): Workerman\Worker::runAll()
#10 [internal function]: console\controllers\SocketController->actionStart()
#11 D:\DefaultWorkspace\training_online\vendor\yiisoft\yii2\base\InlineAction.php(55): call_user_func_array(Array, Array)
#12 D:\DefaultWorkspace\training_online\vendor\yiisoft\yii2\base\Controller.php(151): yii\base\InlineAction->runWithParams(Array)
#13 D:\DefaultWorkspace\training_online\vendor\yiisoft\yii2\base\Module.php(455): yii\base\Controller->runAction('start', Array)
#14 D:\DefaultWorkspace\training_online\vendor\yiisoft\yii2\console\Application.php(167): yii\base\Module->runAction('socket/start', Array)
#15 D:\DefaultWorkspace\training_online\vendor\yiisoft\yii2\console\Application.php(143): yii\console\Application->runAction('socket/start', Array)
#16 D:\DefaultWorkspace\training_online\vendor\yiisoft\yii2\base\Application.php(375): yii\console\Application->handleRequest(Object(yii\console\Request))
#17 D:\DefaultWorkspace\training_online\yii(27): yii\base\Application->run()
#18 {main}
2019-03-28 11:05:23 pid:1 Worker process terminated
2019-03-28 11:08:08 pid:1 exception 'yii\base\ErrorException' with message 'Undefined property: PHPSocketIO\SocketIO::$broadcast' in D:\DefaultWorkspace\training_online\console\controllers\SocketController.php:27
Stack trace:
#0 D:\DefaultWorkspace\training_online\console\controllers\SocketController.php(27): yii\base\ErrorHandler->handleError(8, 'Undefined prope...', 'D:\\DefaultWorks...', 27, Array)
#1 [internal function]: console\controllers\SocketController->console\controllers\{closure}(Object(Workerman\Connection\TcpConnection), Array)
#2 D:\DefaultWorkspace\training_online\vendor\workerman\workerman\Connection\TcpConnection.php(658): call_user_func(Object(Closure), Object(Workerman\Connection\TcpConnection), Array)
#3 [internal function]: Workerman\Connection\TcpConnection->baseRead(Resource id #101)
#4 D:\DefaultWorkspace\training_online\vendor\workerman\workerman\Events\Select.php(294): call_user_func_array(Array, Array)
#5 D:\DefaultWorkspace\training_online\vendor\workerman\workerman\Worker.php(2321): Workerman\Events\Select->loop()
#6 D:\DefaultWorkspace\training_online\vendor\workerman\workerman\Worker.php(1315): Workerman\Worker->run()
#7 D:\DefaultWorkspace\training_online\vendor\workerman\workerman\Worker.php(1258): Workerman\Worker::forkWorkersForWindows()
#8 D:\DefaultWorkspace\training_online\vendor\workerman\workerman\Worker.php(507): Workerman\Worker::forkWorkers()
#9 D:\DefaultWorkspace\training_online\console\controllers\SocketController.php(96): Workerman\Worker::runAll()
#10 [internal function]: console\controllers\SocketController->actionStart()
#11 D:\DefaultWorkspace\training_online\vendor\yiisoft\yii2\base\InlineAction.php(55): call_user_func_array(Array, Array)
#12 D:\DefaultWorkspace\training_online\vendor\yiisoft\yii2\base\Controller.php(151): yii\base\InlineAction->runWithParams(Array)
#13 D:\DefaultWorkspace\training_online\vendor\yiisoft\yii2\base\Module.php(455): yii\base\Controller->runAction('start', Array)
#14 D:\DefaultWorkspace\training_online\vendor\yiisoft\yii2\console\Application.php(167): yii\base\Module->runAction('socket/start', Array)
#15 D:\DefaultWorkspace\training_online\vendor\yiisoft\yii2\console\Application.php(143): yii\console\Application->runAction('socket/start', Array)
#16 D:\DefaultWorkspace\training_online\vendor\yiisoft\yii2\base\Application.php(375): yii\console\Application->handleRequest(Object(yii\console\Request))
#17 D:\DefaultWorkspace\training_online\yii(27): yii\base\Application->run()
#18 {main}
2019-03-28 11:08:08 pid:1 Worker process terminated
2019-03-28 11:10:17 pid:1 exception 'yii\base\ErrorException' with message 'Undefined property: PHPSocketIO\SocketIO::$broadcast' in D:\DefaultWorkspace\training_online\console\controllers\SocketController.php:27
Stack trace:
#0 D:\DefaultWorkspace\training_online\console\controllers\SocketController.php(27): yii\base\ErrorHandler->handleError(8, 'Undefined prope...', 'D:\\DefaultWorks...', 27, Array)
#1 [internal function]: console\controllers\SocketController->console\controllers\{closure}(Object(Workerman\Connection\TcpConnection), Array)
#2 D:\DefaultWorkspace\training_online\vendor\workerman\workerman\Connection\TcpConnection.php(658): call_user_func(Object(Closure), Object(Workerman\Connection\TcpConnection), Array)
#3 [internal function]: Workerman\Connection\TcpConnection->baseRead(Resource id #100)
#4 D:\DefaultWorkspace\training_online\vendor\workerman\workerman\Events\Select.php(294): call_user_func_array(Array, Array)
#5 D:\DefaultWorkspace\training_online\vendor\workerman\workerman\Worker.php(2321): Workerman\Events\Select->loop()
#6 D:\DefaultWorkspace\training_online\vendor\workerman\workerman\Worker.php(1315): Workerman\Worker->run()
#7 D:\DefaultWorkspace\training_online\vendor\workerman\workerman\Worker.php(1258): Workerman\Worker::forkWorkersForWindows()
#8 D:\DefaultWorkspace\training_online\vendor\workerman\workerman\Worker.php(507): Workerman\Worker::forkWorkers()
#9 D:\DefaultWorkspace\training_online\console\controllers\SocketController.php(96): Workerman\Worker::runAll()
#10 [internal function]: console\controllers\SocketController->actionStart()
#11 D:\DefaultWorkspace\training_online\vendor\yiisoft\yii2\base\InlineAction.php(55): call_user_func_array(Array, Array)
#12 D:\DefaultWorkspace\training_online\vendor\yiisoft\yii2\base\Controller.php(151): yii\base\InlineAction->runWithParams(Array)
#13 D:\DefaultWorkspace\training_online\vendor\yiisoft\yii2\base\Module.php(455): yii\base\Controller->runAction('start', Array)
#14 D:\DefaultWorkspace\training_online\vendor\yiisoft\yii2\console\Application.php(167): yii\base\Module->runAction('socket/start', Array)
#15 D:\DefaultWorkspace\training_online\vendor\yiisoft\yii2\console\Application.php(143): yii\console\Application->runAction('socket/start', Array)
#16 D:\DefaultWorkspace\training_online\vendor\yiisoft\yii2\base\Application.php(375): yii\console\Application->handleRequest(Object(yii\console\Request))
#17 D:\DefaultWorkspace\training_online\yii(27): yii\base\Application->run()
#18 {main}
2019-03-28 11:10:17 pid:1 Worker process terminated
2019-03-28 11:12:27 pid:1 exception 'yii\base\ErrorException' with message 'Undefined property: PHPSocketIO\SocketIO::$broadcast' in D:\DefaultWorkspace\training_online\console\controllers\SocketController.php:27
Stack trace:
#0 D:\DefaultWorkspace\training_online\console\controllers\SocketController.php(27): yii\base\ErrorHandler->handleError(8, 'Undefined prope...', 'D:\\DefaultWorks...', 27, Array)
#1 [internal function]: console\controllers\SocketController->console\controllers\{closure}(Object(Workerman\Connection\TcpConnection), Array)
#2 D:\DefaultWorkspace\training_online\vendor\workerman\workerman\Connection\TcpConnection.php(658): call_user_func(Object(Closure), Object(Workerman\Connection\TcpConnection), Array)
#3 [internal function]: Workerman\Connection\TcpConnection->baseRead(Resource id #84)
#4 D:\DefaultWorkspace\training_online\vendor\workerman\workerman\Events\Select.php(294): call_user_func_array(Array, Array)
#5 D:\DefaultWorkspace\training_online\vendor\workerman\workerman\Worker.php(2321): Workerman\Events\Select->loop()
#6 D:\DefaultWorkspace\training_online\vendor\workerman\workerman\Worker.php(1315): Workerman\Worker->run()
#7 D:\DefaultWorkspace\training_online\vendor\workerman\workerman\Worker.php(1258): Workerman\Worker::forkWorkersForWindows()
#8 D:\DefaultWorkspace\training_online\vendor\workerman\workerman\Worker.php(507): Workerman\Worker::forkWorkers()
#9 D:\DefaultWorkspace\training_online\console\controllers\SocketController.php(96): Workerman\Worker::runAll()
#10 [internal function]: console\controllers\SocketController->actionStart()
#11 D:\DefaultWorkspace\training_online\vendor\yiisoft\yii2\base\InlineAction.php(55): call_user_func_array(Array, Array)
#12 D:\DefaultWorkspace\training_online\vendor\yiisoft\yii2\base\Controller.php(151): yii\base\InlineAction->runWithParams(Array)
#13 D:\DefaultWorkspace\training_online\vendor\yiisoft\yii2\base\Module.php(455): yii\base\Controller->runAction('start', Array)
#14 D:\DefaultWorkspace\training_online\vendor\yiisoft\yii2\console\Application.php(167): yii\base\Module->runAction('socket/start', Array)
#15 D:\DefaultWorkspace\training_online\vendor\yiisoft\yii2\console\Application.php(143): yii\console\Application->runAction('socket/start', Array)
#16 D:\DefaultWorkspace\training_online\vendor\yiisoft\yii2\base\Application.php(375): yii\console\Application->handleRequest(Object(yii\console\Request))
#17 D:\DefaultWorkspace\training_online\yii(27): yii\base\Application->run()
#18 {main}
2019-03-28 11:12:27 pid:1 Worker process terminated
2019-03-28 11:12:39 pid:1 exception 'yii\base\ErrorException' with message 'Undefined property: PHPSocketIO\SocketIO::$broadcast' in D:\DefaultWorkspace\training_online\console\controllers\SocketController.php:27
Stack trace:
#0 D:\DefaultWorkspace\training_online\console\controllers\SocketController.php(27): yii\base\ErrorHandler->handleError(8, 'Undefined prope...', 'D:\\DefaultWorks...', 27, Array)
#1 [internal function]: console\controllers\SocketController->console\controllers\{closure}(Object(Workerman\Connection\TcpConnection), Array)
#2 D:\DefaultWorkspace\training_online\vendor\workerman\workerman\Connection\TcpConnection.php(658): call_user_func(Object(Closure), Object(Workerman\Connection\TcpConnection), Array)
#3 [internal function]: Workerman\Connection\TcpConnection->baseRead(Resource id #100)
#4 D:\DefaultWorkspace\training_online\vendor\workerman\workerman\Events\Select.php(294): call_user_func_array(Array, Array)
#5 D:\DefaultWorkspace\training_online\vendor\workerman\workerman\Worker.php(2321): Workerman\Events\Select->loop()
#6 D:\DefaultWorkspace\training_online\vendor\workerman\workerman\Worker.php(1315): Workerman\Worker->run()
#7 D:\DefaultWorkspace\training_online\vendor\workerman\workerman\Worker.php(1258): Workerman\Worker::forkWorkersForWindows()
#8 D:\DefaultWorkspace\training_online\vendor\workerman\workerman\Worker.php(507): Workerman\Worker::forkWorkers()
#9 D:\DefaultWorkspace\training_online\console\controllers\SocketController.php(96): Workerman\Worker::runAll()
#10 [internal function]: console\controllers\SocketController->actionStart()
#11 D:\DefaultWorkspace\training_online\vendor\yiisoft\yii2\base\InlineAction.php(55): call_user_func_array(Array, Array)
#12 D:\DefaultWorkspace\training_online\vendor\yiisoft\yii2\base\Controller.php(151): yii\base\InlineAction->runWithParams(Array)
#13 D:\DefaultWorkspace\training_online\vendor\yiisoft\yii2\base\Module.php(455): yii\base\Controller->runAction('start', Array)
#14 D:\DefaultWorkspace\training_online\vendor\yiisoft\yii2\console\Application.php(167): yii\base\Module->runAction('socket/start', Array)
#15 D:\DefaultWorkspace\training_online\vendor\yiisoft\yii2\console\Application.php(143): yii\console\Application->runAction('socket/start', Array)
#16 D:\DefaultWorkspace\training_online\vendor\yiisoft\yii2\base\Application.php(375): yii\console\Application->handleRequest(Object(yii\console\Request))
#17 D:\DefaultWorkspace\training_online\yii(27): yii\base\Application->run()
#18 {main}
2019-03-28 11:12:39 pid:1 Worker process terminated
